<?xml version="1.0" encoding="UTF-8"?>
<Site BuildName="Win32-mingw32-make"
	BuildStamp="20251102-1653-Experimental"
	Name="Ark-Magus"
	Generator="ctest-4.1.0"
	CompilerName="D:/ProgKits/msys2/mingw64/bin/g++.exe"
	CompilerVersion="15.1.0"
	OSName="Windows"
	Hostname="Ark-Magus"
	OSRelease=" Professional"
	OSVersion=" (Build 19045)"
	OSPlatform="AMD64"
	Is64Bits="1"
	VendorString=""
	VendorID="Unknown Manufacturer"
	FamilyID="0"
	ModelID="0"
	ModelName=""
	ProcessorCacheSize="0"
	NumberOfLogicalCPU="4"
	NumberOfPhysicalCPU="4"
	TotalVirtualMemory="18702"
	TotalPhysicalMemory="16270"
	LogicalProcessorsPerPhysical="1"
	ProcessorClockFrequency="3201"
	>
	<Testing>
		<StartDateTime>Nov 03 20:43 China Standard Time</StartDateTime>
		<StartTestTime>1762173792</StartTestTime>
		<TestList/>
		<EndDateTime>Nov 03 20:43 China Standard Time</EndDateTime>
		<EndTestTime>1762173792</EndTestTime>
		<ElapsedMinutes>0</ElapsedMinutes>
	</Testing>
</Site>
